[2023-05-21 17:18:38,899] INFO [Controller id=0 epoch=62] Sending UpdateMetadata request to brokers HashSet() for 0 partitions (state.change.logger)
[2023-05-21 17:19:21,236] INFO [Controller id=0 epoch=63] Sending UpdateMetadata request to brokers HashSet(0) for 0 partitions (state.change.logger)
[2023-05-21 17:23:48,842] INFO [Controller id=0 epoch=63] Changed partition mysql-kafka--0 state from NonExistentPartition to NewPartition with assigned replicas 0 (state.change.logger)
[2023-05-21 17:23:48,844] INFO [Controller id=0 epoch=63] Sending UpdateMetadata request to brokers HashSet() for 0 partitions (state.change.logger)
[2023-05-21 17:23:48,976] INFO [Controller id=0 epoch=63] Sending UpdateMetadata request to brokers HashSet() for 0 partitions (state.change.logger)
[2023-05-21 17:23:49,372] INFO [Controller id=0 epoch=63] Changed partition mysql-kafka--0 from NewPartition to OnlinePartition with state LeaderAndIsr(leader=0, leaderEpoch=0, isr=List(0), leaderRecoveryState=RECOVERED, partitionEpoch=0) (state.change.logger)
[2023-05-21 17:23:49,444] INFO [Controller id=0 epoch=63] Sending LeaderAndIsr request to broker 0 with 1 become-leader and 0 become-follower partitions (state.change.logger)
[2023-05-21 17:23:49,453] INFO [Controller id=0 epoch=63] Sending UpdateMetadata request to brokers HashSet(0) for 1 partitions (state.change.logger)
[2023-05-21 17:23:49,471] INFO [Broker id=0] Handling LeaderAndIsr request correlationId 1 from controller 0 for 1 partitions (state.change.logger)
[2023-05-21 17:23:49,532] INFO [Controller id=0 epoch=63] Sending UpdateMetadata request to brokers HashSet() for 0 partitions (state.change.logger)
[2023-05-21 17:23:49,889] INFO [Broker id=0] Stopped fetchers as part of LeaderAndIsr request correlationId 1 from controller 0 epoch 63 as part of the become-leader transition for 1 partitions (state.change.logger)
[2023-05-21 17:23:51,352] INFO [Broker id=0] Leader mysql-kafka--0 with topic id Some(xzis0tFvSwqpdmkXmhG9FQ) starts at leader epoch 0 from offset 0 with partition epoch 0, high watermark 0, ISR [0], adding replicas [] and removing replicas []. Previous leader epoch was -1. (state.change.logger)
[2023-05-21 17:23:51,631] INFO [Broker id=0] Finished LeaderAndIsr request in 2164ms correlationId 1 from controller 0 for 1 partitions (state.change.logger)
[2023-05-21 17:23:51,786] INFO [Broker id=0] Add 1 partitions and deleted 0 partitions from metadata cache in response to UpdateMetadata request sent by controller 0 epoch 63 with correlation id 2 (state.change.logger)
[2023-05-21 17:26:28,078] INFO [Controller id=0 epoch=63] Changed partition __consumer_offsets-22 state from NonExistentPartition to NewPartition with assigned replicas 0 (state.change.logger)
[2023-05-21 17:26:28,078] INFO [Controller id=0 epoch=63] Changed partition __consumer_offsets-30 state from NonExistentPartition to NewPartition with assigned replicas 0 (state.change.logger)
[2023-05-21 17:26:28,078] INFO [Controller id=0 epoch=63] Changed partition __consumer_offsets-25 state from NonExistentPartition to NewPartition with assigned replicas 0 (state.change.logger)
[2023-05-21 17:26:28,078] INFO [Controller id=0 epoch=63] Changed partition __consumer_offsets-35 state from NonExistentPartition to NewPartition with assigned replicas 0 (state.change.logger)
[2023-05-21 17:26:28,078] INFO [Controller id=0 epoch=63] Changed partition __consumer_offsets-37 state from NonExistentPartition to NewPartition with assigned replicas 0 (state.change.logger)
[2023-05-21 17:26:28,079] INFO [Controller id=0 epoch=63] Changed partition __consumer_offsets-38 state from NonExistentPartition to NewPartition with assigned replicas 0 (state.change.logger)
[2023-05-21 17:26:28,079] INFO [Controller id=0 epoch=63] Changed partition __consumer_offsets-13 state from NonExistentPartition to NewPartition with assigned replicas 0 (state.change.logger)
[2023-05-21 17:26:28,079] INFO [Controller id=0 epoch=63] Changed partition __consumer_offsets-8 state from NonExistentPartition to NewPartition with assigned replicas 0 (state.change.logger)
[2023-05-21 17:26:28,079] INFO [Controller id=0 epoch=63] Changed partition __consumer_offsets-21 state from NonExistentPartition to NewPartition with assigned replicas 0 (state.change.logger)
[2023-05-21 17:26:28,079] INFO [Controller id=0 epoch=63] Changed partition __consumer_offsets-4 state from NonExistentPartition to NewPartition with assigned replicas 0 (state.change.logger)
[2023-05-21 17:26:28,080] INFO [Controller id=0 epoch=63] Changed partition __consumer_offsets-27 state from NonExistentPartition to NewPartition with assigned replicas 0 (state.change.logger)
[2023-05-21 17:26:28,080] INFO [Controller id=0 epoch=63] Changed partition __consumer_offsets-7 state from NonExistentPartition to NewPartition with assigned replicas 0 (state.change.logger)
[2023-05-21 17:26:28,080] INFO [Controller id=0 epoch=63] Changed partition __consumer_offsets-9 state from NonExistentPartition to NewPartition with assigned replicas 0 (state.change.logger)
[2023-05-21 17:26:28,080] INFO [Controller id=0 epoch=63] Changed partition __consumer_offsets-46 state from NonExistentPartition to NewPartition with assigned replicas 0 (state.change.logger)
[2023-05-21 17:26:28,080] INFO [Controller id=0 epoch=63] Changed partition __consumer_offsets-41 state from NonExistentPartition to NewPartition with assigned replicas 0 (state.change.logger)
[2023-05-21 17:26:28,080] INFO [Controller id=0 epoch=63] Changed partition __consumer_offsets-33 state from NonExistentPartition to NewPartition with assigned replicas 0 (state.change.logger)
[2023-05-21 17:26:28,080] INFO [Controller id=0 epoch=63] Changed partition __consumer_offsets-23 state from NonExistentPartition to NewPartition with assigned replicas 0 (state.change.logger)
[2023-05-21 17:26:28,081] INFO [Controller id=0 epoch=63] Changed partition __consumer_offsets-49 state from NonExistentPartition to NewPartition with assigned replicas 0 (state.change.logger)
[2023-05-21 17:26:28,081] INFO [Controller id=0 epoch=63] Changed partition __consumer_offsets-47 state from NonExistentPartition to NewPartition with assigned replicas 0 (state.change.logger)
[2023-05-21 17:26:28,081] INFO [Controller id=0 epoch=63] Changed partition __consumer_offsets-16 state from NonExistentPartition to NewPartition with assigned replicas 0 (state.change.logger)
[2023-05-21 17:26:28,081] INFO [Controller id=0 epoch=63] Changed partition __consumer_offsets-28 state from NonExistentPartition to NewPartition with assigned replicas 0 (state.change.logger)
[2023-05-21 17:26:28,081] INFO [Controller id=0 epoch=63] Changed partition __consumer_offsets-31 state from NonExistentPartition to NewPartition with assigned replicas 0 (state.change.logger)
[2023-05-21 17:26:28,082] INFO [Controller id=0 epoch=63] Changed partition __consumer_offsets-36 state from NonExistentPartition to NewPartition with assigned replicas 0 (state.change.logger)
[2023-05-21 17:26:28,082] INFO [Controller id=0 epoch=63] Changed partition __consumer_offsets-42 state from NonExistentPartition to NewPartition with assigned replicas 0 (state.change.logger)
[2023-05-21 17:26:28,082] INFO [Controller id=0 epoch=63] Changed partition __consumer_offsets-3 state from NonExistentPartition to NewPartition with assigned replicas 0 (state.change.logger)
[2023-05-21 17:26:28,082] INFO [Controller id=0 epoch=63] Changed partition __consumer_offsets-18 state from NonExistentPartition to NewPartition with assigned replicas 0 (state.change.logger)
[2023-05-21 17:26:28,082] INFO [Controller id=0 epoch=63] Changed partition __consumer_offsets-15 state from NonExistentPartition to NewPartition with assigned replicas 0 (state.change.logger)
[2023-05-21 17:26:28,082] INFO [Controller id=0 epoch=63] Changed partition __consumer_offsets-24 state from NonExistentPartition to NewPartition with assigned replicas 0 (state.change.logger)
[2023-05-21 17:26:28,082] INFO [Controller id=0 epoch=63] Changed partition __consumer_offsets-17 state from NonExistentPartition to NewPartition with assigned replicas 0 (state.change.logger)
[2023-05-21 17:26:28,082] INFO [Controller id=0 epoch=63] Changed partition __consumer_offsets-48 state from NonExistentPartition to NewPartition with assigned replicas 0 (state.change.logger)
[2023-05-21 17:26:28,083] INFO [Controller id=0 epoch=63] Changed partition __consumer_offsets-19 state from NonExistentPartition to NewPartition with assigned replicas 0 (state.change.logger)
[2023-05-21 17:26:28,083] INFO [Controller id=0 epoch=63] Changed partition __consumer_offsets-11 state from NonExistentPartition to NewPartition with assigned replicas 0 (state.change.logger)
[2023-05-21 17:26:28,083] INFO [Controller id=0 epoch=63] Changed partition __consumer_offsets-2 state from NonExistentPartition to NewPartition with assigned replicas 0 (state.change.logger)
[2023-05-21 17:26:28,084] INFO [Controller id=0 epoch=63] Changed partition __consumer_offsets-43 state from NonExistentPartition to NewPartition with assigned replicas 0 (state.change.logger)
[2023-05-21 17:26:28,085] INFO [Controller id=0 epoch=63] Changed partition __consumer_offsets-6 state from NonExistentPartition to NewPartition with assigned replicas 0 (state.change.logger)
[2023-05-21 17:26:28,085] INFO [Controller id=0 epoch=63] Changed partition __consumer_offsets-14 state from NonExistentPartition to NewPartition with assigned replicas 0 (state.change.logger)
[2023-05-21 17:26:28,136] INFO [Controller id=0 epoch=63] Changed partition __consumer_offsets-20 state from NonExistentPartition to NewPartition with assigned replicas 0 (state.change.logger)
[2023-05-21 17:26:28,136] INFO [Controller id=0 epoch=63] Changed partition __consumer_offsets-0 state from NonExistentPartition to NewPartition with assigned replicas 0 (state.change.logger)
[2023-05-21 17:26:28,136] INFO [Controller id=0 epoch=63] Changed partition __consumer_offsets-44 state from NonExistentPartition to NewPartition with assigned replicas 0 (state.change.logger)
[2023-05-21 17:26:28,136] INFO [Controller id=0 epoch=63] Changed partition __consumer_offsets-39 state from NonExistentPartition to NewPartition with assigned replicas 0 (state.change.logger)
[2023-05-21 17:26:28,136] INFO [Controller id=0 epoch=63] Changed partition __consumer_offsets-12 state from NonExistentPartition to NewPartition with assigned replicas 0 (state.change.logger)
[2023-05-21 17:26:28,137] INFO [Controller id=0 epoch=63] Changed partition __consumer_offsets-45 state from NonExistentPartition to NewPartition with assigned replicas 0 (state.change.logger)
[2023-05-21 17:26:28,137] INFO [Controller id=0 epoch=63] Changed partition __consumer_offsets-1 state from NonExistentPartition to NewPartition with assigned replicas 0 (state.change.logger)
[2023-05-21 17:26:28,138] INFO [Controller id=0 epoch=63] Changed partition __consumer_offsets-5 state from NonExistentPartition to NewPartition with assigned replicas 0 (state.change.logger)
[2023-05-21 17:26:28,138] INFO [Controller id=0 epoch=63] Changed partition __consumer_offsets-26 state from NonExistentPartition to NewPartition with assigned replicas 0 (state.change.logger)
[2023-05-21 17:26:28,138] INFO [Controller id=0 epoch=63] Changed partition __consumer_offsets-29 state from NonExistentPartition to NewPartition with assigned replicas 0 (state.change.logger)
[2023-05-21 17:26:28,138] INFO [Controller id=0 epoch=63] Changed partition __consumer_offsets-34 state from NonExistentPartition to NewPartition with assigned replicas 0 (state.change.logger)
[2023-05-21 17:26:28,138] INFO [Controller id=0 epoch=63] Changed partition __consumer_offsets-10 state from NonExistentPartition to NewPartition with assigned replicas 0 (state.change.logger)
[2023-05-21 17:26:28,139] INFO [Controller id=0 epoch=63] Changed partition __consumer_offsets-32 state from NonExistentPartition to NewPartition with assigned replicas 0 (state.change.logger)
[2023-05-21 17:26:28,139] INFO [Controller id=0 epoch=63] Changed partition __consumer_offsets-40 state from NonExistentPartition to NewPartition with assigned replicas 0 (state.change.logger)
[2023-05-21 17:26:28,140] INFO [Controller id=0 epoch=63] Sending UpdateMetadata request to brokers HashSet() for 0 partitions (state.change.logger)
[2023-05-21 17:26:28,164] INFO [Controller id=0 epoch=63] Sending UpdateMetadata request to brokers HashSet() for 0 partitions (state.change.logger)
[2023-05-21 17:26:29,263] INFO [Controller id=0 epoch=63] Changed partition __consumer_offsets-22 from NewPartition to OnlinePartition with state LeaderAndIsr(leader=0, leaderEpoch=0, isr=List(0), leaderRecoveryState=RECOVERED, partitionEpoch=0) (state.change.logger)
[2023-05-21 17:26:29,263] INFO [Controller id=0 epoch=63] Changed partition __consumer_offsets-30 from NewPartition to OnlinePartition with state LeaderAndIsr(leader=0, leaderEpoch=0, isr=List(0), leaderRecoveryState=RECOVERED, partitionEpoch=0) (state.change.logger)
[2023-05-21 17:26:29,263] INFO [Controller id=0 epoch=63] Changed partition __consumer_offsets-25 from NewPartition to OnlinePartition with state LeaderAndIsr(leader=0, leaderEpoch=0, isr=List(0), leaderRecoveryState=RECOVERED, partitionEpoch=0) (state.change.logger)
[2023-05-21 17:26:29,264] INFO [Controller id=0 epoch=63] Changed partition __consumer_offsets-35 from NewPartition to OnlinePartition with state LeaderAndIsr(leader=0, leaderEpoch=0, isr=List(0), leaderRecoveryState=RECOVERED, partitionEpoch=0) (state.change.logger)
[2023-05-21 17:26:29,264] INFO [Controller id=0 epoch=63] Changed partition __consumer_offsets-37 from NewPartition to OnlinePartition with state LeaderAndIsr(leader=0, leaderEpoch=0, isr=List(0), leaderRecoveryState=RECOVERED, partitionEpoch=0) (state.change.logger)
[2023-05-21 17:26:29,264] INFO [Controller id=0 epoch=63] Changed partition __consumer_offsets-38 from NewPartition to OnlinePartition with state LeaderAndIsr(leader=0, leaderEpoch=0, isr=List(0), leaderRecoveryState=RECOVERED, partitionEpoch=0) (state.change.logger)
[2023-05-21 17:26:29,264] INFO [Controller id=0 epoch=63] Changed partition __consumer_offsets-13 from NewPartition to OnlinePartition with state LeaderAndIsr(leader=0, leaderEpoch=0, isr=List(0), leaderRecoveryState=RECOVERED, partitionEpoch=0) (state.change.logger)
[2023-05-21 17:26:29,264] INFO [Controller id=0 epoch=63] Changed partition __consumer_offsets-8 from NewPartition to OnlinePartition with state LeaderAndIsr(leader=0, leaderEpoch=0, isr=List(0), leaderRecoveryState=RECOVERED, partitionEpoch=0) (state.change.logger)
[2023-05-21 17:26:29,265] INFO [Controller id=0 epoch=63] Changed partition __consumer_offsets-21 from NewPartition to OnlinePartition with state LeaderAndIsr(leader=0, leaderEpoch=0, isr=List(0), leaderRecoveryState=RECOVERED, partitionEpoch=0) (state.change.logger)
[2023-05-21 17:26:29,265] INFO [Controller id=0 epoch=63] Changed partition __consumer_offsets-4 from NewPartition to OnlinePartition with state LeaderAndIsr(leader=0, leaderEpoch=0, isr=List(0), leaderRecoveryState=RECOVERED, partitionEpoch=0) (state.change.logger)
[2023-05-21 17:26:29,265] INFO [Controller id=0 epoch=63] Changed partition __consumer_offsets-27 from NewPartition to OnlinePartition with state LeaderAndIsr(leader=0, leaderEpoch=0, isr=List(0), leaderRecoveryState=RECOVERED, partitionEpoch=0) (state.change.logger)
[2023-05-21 17:26:29,265] INFO [Controller id=0 epoch=63] Changed partition __consumer_offsets-7 from NewPartition to OnlinePartition with state LeaderAndIsr(leader=0, leaderEpoch=0, isr=List(0), leaderRecoveryState=RECOVERED, partitionEpoch=0) (state.change.logger)
[2023-05-21 17:26:29,265] INFO [Controller id=0 epoch=63] Changed partition __consumer_offsets-9 from NewPartition to OnlinePartition with state LeaderAndIsr(leader=0, leaderEpoch=0, isr=List(0), leaderRecoveryState=RECOVERED, partitionEpoch=0) (state.change.logger)
[2023-05-21 17:26:29,265] INFO [Controller id=0 epoch=63] Changed partition __consumer_offsets-46 from NewPartition to OnlinePartition with state LeaderAndIsr(leader=0, leaderEpoch=0, isr=List(0), leaderRecoveryState=RECOVERED, partitionEpoch=0) (state.change.logger)
[2023-05-21 17:26:29,265] INFO [Controller id=0 epoch=63] Changed partition __consumer_offsets-41 from NewPartition to OnlinePartition with state LeaderAndIsr(leader=0, leaderEpoch=0, isr=List(0), leaderRecoveryState=RECOVERED, partitionEpoch=0) (state.change.logger)
[2023-05-21 17:26:29,266] INFO [Controller id=0 epoch=63] Changed partition __consumer_offsets-33 from NewPartition to OnlinePartition with state LeaderAndIsr(leader=0, leaderEpoch=0, isr=List(0), leaderRecoveryState=RECOVERED, partitionEpoch=0) (state.change.logger)
[2023-05-21 17:26:29,266] INFO [Controller id=0 epoch=63] Changed partition __consumer_offsets-23 from NewPartition to OnlinePartition with state LeaderAndIsr(leader=0, leaderEpoch=0, isr=List(0), leaderRecoveryState=RECOVERED, partitionEpoch=0) (state.change.logger)
[2023-05-21 17:26:29,266] INFO [Controller id=0 epoch=63] Changed partition __consumer_offsets-49 from NewPartition to OnlinePartition with state LeaderAndIsr(leader=0, leaderEpoch=0, isr=List(0), leaderRecoveryState=RECOVERED, partitionEpoch=0) (state.change.logger)
[2023-05-21 17:26:29,266] INFO [Controller id=0 epoch=63] Changed partition __consumer_offsets-47 from NewPartition to OnlinePartition with state LeaderAndIsr(leader=0, leaderEpoch=0, isr=List(0), leaderRecoveryState=RECOVERED, partitionEpoch=0) (state.change.logger)
[2023-05-21 17:26:29,266] INFO [Controller id=0 epoch=63] Changed partition __consumer_offsets-16 from NewPartition to OnlinePartition with state LeaderAndIsr(leader=0, leaderEpoch=0, isr=List(0), leaderRecoveryState=RECOVERED, partitionEpoch=0) (state.change.logger)
[2023-05-21 17:26:29,266] INFO [Controller id=0 epoch=63] Changed partition __consumer_offsets-28 from NewPartition to OnlinePartition with state LeaderAndIsr(leader=0, leaderEpoch=0, isr=List(0), leaderRecoveryState=RECOVERED, partitionEpoch=0) (state.change.logger)
[2023-05-21 17:26:29,267] INFO [Controller id=0 epoch=63] Changed partition __consumer_offsets-31 from NewPartition to OnlinePartition with state LeaderAndIsr(leader=0, leaderEpoch=0, isr=List(0), leaderRecoveryState=RECOVERED, partitionEpoch=0) (state.change.logger)
[2023-05-21 17:26:29,267] INFO [Controller id=0 epoch=63] Changed partition __consumer_offsets-36 from NewPartition to OnlinePartition with state LeaderAndIsr(leader=0, leaderEpoch=0, isr=List(0), leaderRecoveryState=RECOVERED, partitionEpoch=0) (state.change.logger)
[2023-05-21 17:26:29,267] INFO [Controller id=0 epoch=63] Changed partition __consumer_offsets-42 from NewPartition to OnlinePartition with state LeaderAndIsr(leader=0, leaderEpoch=0, isr=List(0), leaderRecoveryState=RECOVERED, partitionEpoch=0) (state.change.logger)
[2023-05-21 17:26:29,267] INFO [Controller id=0 epoch=63] Changed partition __consumer_offsets-3 from NewPartition to OnlinePartition with state LeaderAndIsr(leader=0, leaderEpoch=0, isr=List(0), leaderRecoveryState=RECOVERED, partitionEpoch=0) (state.change.logger)
[2023-05-21 17:26:29,268] INFO [Controller id=0 epoch=63] Changed partition __consumer_offsets-18 from NewPartition to OnlinePartition with state LeaderAndIsr(leader=0, leaderEpoch=0, isr=List(0), leaderRecoveryState=RECOVERED, partitionEpoch=0) (state.change.logger)
[2023-05-21 17:26:29,268] INFO [Controller id=0 epoch=63] Changed partition __consumer_offsets-15 from NewPartition to OnlinePartition with state LeaderAndIsr(leader=0, leaderEpoch=0, isr=List(0), leaderRecoveryState=RECOVERED, partitionEpoch=0) (state.change.logger)
[2023-05-21 17:26:29,268] INFO [Controller id=0 epoch=63] Changed partition __consumer_offsets-24 from NewPartition to OnlinePartition with state LeaderAndIsr(leader=0, leaderEpoch=0, isr=List(0), leaderRecoveryState=RECOVERED, partitionEpoch=0) (state.change.logger)
[2023-05-21 17:26:29,318] INFO [Controller id=0 epoch=63] Changed partition __consumer_offsets-17 from NewPartition to OnlinePartition with state LeaderAndIsr(leader=0, leaderEpoch=0, isr=List(0), leaderRecoveryState=RECOVERED, partitionEpoch=0) (state.change.logger)
[2023-05-21 17:26:29,318] INFO [Controller id=0 epoch=63] Changed partition __consumer_offsets-48 from NewPartition to OnlinePartition with state LeaderAndIsr(leader=0, leaderEpoch=0, isr=List(0), leaderRecoveryState=RECOVERED, partitionEpoch=0) (state.change.logger)
[2023-05-21 17:26:29,318] INFO [Controller id=0 epoch=63] Changed partition __consumer_offsets-19 from NewPartition to OnlinePartition with state LeaderAndIsr(leader=0, leaderEpoch=0, isr=List(0), leaderRecoveryState=RECOVERED, partitionEpoch=0) (state.change.logger)
[2023-05-21 17:26:29,318] INFO [Controller id=0 epoch=63] Changed partition __consumer_offsets-11 from NewPartition to OnlinePartition with state LeaderAndIsr(leader=0, leaderEpoch=0, isr=List(0), leaderRecoveryState=RECOVERED, partitionEpoch=0) (state.change.logger)
[2023-05-21 17:26:29,319] INFO [Controller id=0 epoch=63] Changed partition __consumer_offsets-2 from NewPartition to OnlinePartition with state LeaderAndIsr(leader=0, leaderEpoch=0, isr=List(0), leaderRecoveryState=RECOVERED, partitionEpoch=0) (state.change.logger)
[2023-05-21 17:26:29,319] INFO [Controller id=0 epoch=63] Changed partition __consumer_offsets-43 from NewPartition to OnlinePartition with state LeaderAndIsr(leader=0, leaderEpoch=0, isr=List(0), leaderRecoveryState=RECOVERED, partitionEpoch=0) (state.change.logger)
[2023-05-21 17:26:29,319] INFO [Controller id=0 epoch=63] Changed partition __consumer_offsets-6 from NewPartition to OnlinePartition with state LeaderAndIsr(leader=0, leaderEpoch=0, isr=List(0), leaderRecoveryState=RECOVERED, partitionEpoch=0) (state.change.logger)
[2023-05-21 17:26:29,319] INFO [Controller id=0 epoch=63] Changed partition __consumer_offsets-14 from NewPartition to OnlinePartition with state LeaderAndIsr(leader=0, leaderEpoch=0, isr=List(0), leaderRecoveryState=RECOVERED, partitionEpoch=0) (state.change.logger)
[2023-05-21 17:26:29,319] INFO [Controller id=0 epoch=63] Changed partition __consumer_offsets-20 from NewPartition to OnlinePartition with state LeaderAndIsr(leader=0, leaderEpoch=0, isr=List(0), leaderRecoveryState=RECOVERED, partitionEpoch=0) (state.change.logger)
[2023-05-21 17:26:29,319] INFO [Controller id=0 epoch=63] Changed partition __consumer_offsets-0 from NewPartition to OnlinePartition with state LeaderAndIsr(leader=0, leaderEpoch=0, isr=List(0), leaderRecoveryState=RECOVERED, partitionEpoch=0) (state.change.logger)
[2023-05-21 17:26:29,320] INFO [Controller id=0 epoch=63] Changed partition __consumer_offsets-44 from NewPartition to OnlinePartition with state LeaderAndIsr(leader=0, leaderEpoch=0, isr=List(0), leaderRecoveryState=RECOVERED, partitionEpoch=0) (state.change.logger)
[2023-05-21 17:26:29,320] INFO [Controller id=0 epoch=63] Changed partition __consumer_offsets-39 from NewPartition to OnlinePartition with state LeaderAndIsr(leader=0, leaderEpoch=0, isr=List(0), leaderRecoveryState=RECOVERED, partitionEpoch=0) (state.change.logger)
[2023-05-21 17:26:29,320] INFO [Controller id=0 epoch=63] Changed partition __consumer_offsets-12 from NewPartition to OnlinePartition with state LeaderAndIsr(leader=0, leaderEpoch=0, isr=List(0), leaderRecoveryState=RECOVERED, partitionEpoch=0) (state.change.logger)
[2023-05-21 17:26:29,320] INFO [Controller id=0 epoch=63] Changed partition __consumer_offsets-45 from NewPartition to OnlinePartition with state LeaderAndIsr(leader=0, leaderEpoch=0, isr=List(0), leaderRecoveryState=RECOVERED, partitionEpoch=0) (state.change.logger)
[2023-05-21 17:26:29,320] INFO [Controller id=0 epoch=63] Changed partition __consumer_offsets-1 from NewPartition to OnlinePartition with state LeaderAndIsr(leader=0, leaderEpoch=0, isr=List(0), leaderRecoveryState=RECOVERED, partitionEpoch=0) (state.change.logger)
[2023-05-21 17:26:29,320] INFO [Controller id=0 epoch=63] Changed partition __consumer_offsets-5 from NewPartition to OnlinePartition with state LeaderAndIsr(leader=0, leaderEpoch=0, isr=List(0), leaderRecoveryState=RECOVERED, partitionEpoch=0) (state.change.logger)
[2023-05-21 17:26:29,320] INFO [Controller id=0 epoch=63] Changed partition __consumer_offsets-26 from NewPartition to OnlinePartition with state LeaderAndIsr(leader=0, leaderEpoch=0, isr=List(0), leaderRecoveryState=RECOVERED, partitionEpoch=0) (state.change.logger)
[2023-05-21 17:26:29,321] INFO [Controller id=0 epoch=63] Changed partition __consumer_offsets-29 from NewPartition to OnlinePartition with state LeaderAndIsr(leader=0, leaderEpoch=0, isr=List(0), leaderRecoveryState=RECOVERED, partitionEpoch=0) (state.change.logger)
[2023-05-21 17:26:29,321] INFO [Controller id=0 epoch=63] Changed partition __consumer_offsets-34 from NewPartition to OnlinePartition with state LeaderAndIsr(leader=0, leaderEpoch=0, isr=List(0), leaderRecoveryState=RECOVERED, partitionEpoch=0) (state.change.logger)
[2023-05-21 17:26:29,321] INFO [Controller id=0 epoch=63] Changed partition __consumer_offsets-10 from NewPartition to OnlinePartition with state LeaderAndIsr(leader=0, leaderEpoch=0, isr=List(0), leaderRecoveryState=RECOVERED, partitionEpoch=0) (state.change.logger)
[2023-05-21 17:26:29,321] INFO [Controller id=0 epoch=63] Changed partition __consumer_offsets-32 from NewPartition to OnlinePartition with state LeaderAndIsr(leader=0, leaderEpoch=0, isr=List(0), leaderRecoveryState=RECOVERED, partitionEpoch=0) (state.change.logger)
[2023-05-21 17:26:29,322] INFO [Controller id=0 epoch=63] Changed partition __consumer_offsets-40 from NewPartition to OnlinePartition with state LeaderAndIsr(leader=0, leaderEpoch=0, isr=List(0), leaderRecoveryState=RECOVERED, partitionEpoch=0) (state.change.logger)
[2023-05-21 17:26:29,322] INFO [Controller id=0 epoch=63] Sending LeaderAndIsr request to broker 0 with 50 become-leader and 0 become-follower partitions (state.change.logger)
[2023-05-21 17:26:29,323] INFO [Controller id=0 epoch=63] Sending UpdateMetadata request to brokers HashSet(0) for 50 partitions (state.change.logger)
[2023-05-21 17:26:29,339] INFO [Broker id=0] Handling LeaderAndIsr request correlationId 3 from controller 0 for 50 partitions (state.change.logger)
[2023-05-21 17:26:29,348] INFO [Controller id=0 epoch=63] Sending UpdateMetadata request to brokers HashSet() for 0 partitions (state.change.logger)
[2023-05-21 17:26:29,928] INFO [Broker id=0] Stopped fetchers as part of LeaderAndIsr request correlationId 3 from controller 0 epoch 63 as part of the become-leader transition for 50 partitions (state.change.logger)
[2023-05-21 17:26:30,028] INFO [Broker id=0] Leader __consumer_offsets-3 with topic id Some(KWBKEtesQRCAmCvnwTuijw) starts at leader epoch 0 from offset 0 with partition epoch 0, high watermark 0, ISR [0], adding replicas [] and removing replicas []. Previous leader epoch was -1. (state.change.logger)
[2023-05-21 17:26:30,128] INFO [Broker id=0] Leader __consumer_offsets-18 with topic id Some(KWBKEtesQRCAmCvnwTuijw) starts at leader epoch 0 from offset 0 with partition epoch 0, high watermark 0, ISR [0], adding replicas [] and removing replicas []. Previous leader epoch was -1. (state.change.logger)
[2023-05-21 17:26:30,188] INFO [Broker id=0] Leader __consumer_offsets-41 with topic id Some(KWBKEtesQRCAmCvnwTuijw) starts at leader epoch 0 from offset 0 with partition epoch 0, high watermark 0, ISR [0], adding replicas [] and removing replicas []. Previous leader epoch was -1. (state.change.logger)
[2023-05-21 17:26:30,277] INFO [Broker id=0] Leader __consumer_offsets-10 with topic id Some(KWBKEtesQRCAmCvnwTuijw) starts at leader epoch 0 from offset 0 with partition epoch 0, high watermark 0, ISR [0], adding replicas [] and removing replicas []. Previous leader epoch was -1. (state.change.logger)
[2023-05-21 17:26:30,334] INFO [Broker id=0] Leader __consumer_offsets-33 with topic id Some(KWBKEtesQRCAmCvnwTuijw) starts at leader epoch 0 from offset 0 with partition epoch 0, high watermark 0, ISR [0], adding replicas [] and removing replicas []. Previous leader epoch was -1. (state.change.logger)
[2023-05-21 17:26:30,445] INFO [Broker id=0] Leader __consumer_offsets-48 with topic id Some(KWBKEtesQRCAmCvnwTuijw) starts at leader epoch 0 from offset 0 with partition epoch 0, high watermark 0, ISR [0], adding replicas [] and removing replicas []. Previous leader epoch was -1. (state.change.logger)
[2023-05-21 17:26:30,536] INFO [Broker id=0] Leader __consumer_offsets-19 with topic id Some(KWBKEtesQRCAmCvnwTuijw) starts at leader epoch 0 from offset 0 with partition epoch 0, high watermark 0, ISR [0], adding replicas [] and removing replicas []. Previous leader epoch was -1. (state.change.logger)
[2023-05-21 17:26:30,650] INFO [Broker id=0] Leader __consumer_offsets-34 with topic id Some(KWBKEtesQRCAmCvnwTuijw) starts at leader epoch 0 from offset 0 with partition epoch 0, high watermark 0, ISR [0], adding replicas [] and removing replicas []. Previous leader epoch was -1. (state.change.logger)
[2023-05-21 17:26:30,741] INFO [Broker id=0] Leader __consumer_offsets-4 with topic id Some(KWBKEtesQRCAmCvnwTuijw) starts at leader epoch 0 from offset 0 with partition epoch 0, high watermark 0, ISR [0], adding replicas [] and removing replicas []. Previous leader epoch was -1. (state.change.logger)
[2023-05-21 17:26:30,847] INFO [Broker id=0] Leader __consumer_offsets-11 with topic id Some(KWBKEtesQRCAmCvnwTuijw) starts at leader epoch 0 from offset 0 with partition epoch 0, high watermark 0, ISR [0], adding replicas [] and removing replicas []. Previous leader epoch was -1. (state.change.logger)
[2023-05-21 17:26:30,911] INFO [Broker id=0] Leader __consumer_offsets-26 with topic id Some(KWBKEtesQRCAmCvnwTuijw) starts at leader epoch 0 from offset 0 with partition epoch 0, high watermark 0, ISR [0], adding replicas [] and removing replicas []. Previous leader epoch was -1. (state.change.logger)
[2023-05-21 17:26:30,997] INFO [Broker id=0] Leader __consumer_offsets-49 with topic id Some(KWBKEtesQRCAmCvnwTuijw) starts at leader epoch 0 from offset 0 with partition epoch 0, high watermark 0, ISR [0], adding replicas [] and removing replicas []. Previous leader epoch was -1. (state.change.logger)
[2023-05-21 17:26:31,039] INFO [Broker id=0] Leader __consumer_offsets-39 with topic id Some(KWBKEtesQRCAmCvnwTuijw) starts at leader epoch 0 from offset 0 with partition epoch 0, high watermark 0, ISR [0], adding replicas [] and removing replicas []. Previous leader epoch was -1. (state.change.logger)
[2023-05-21 17:26:31,111] INFO [Broker id=0] Leader __consumer_offsets-9 with topic id Some(KWBKEtesQRCAmCvnwTuijw) starts at leader epoch 0 from offset 0 with partition epoch 0, high watermark 0, ISR [0], adding replicas [] and removing replicas []. Previous leader epoch was -1. (state.change.logger)
[2023-05-21 17:26:31,190] INFO [Broker id=0] Leader __consumer_offsets-24 with topic id Some(KWBKEtesQRCAmCvnwTuijw) starts at leader epoch 0 from offset 0 with partition epoch 0, high watermark 0, ISR [0], adding replicas [] and removing replicas []. Previous leader epoch was -1. (state.change.logger)
[2023-05-21 17:26:31,230] INFO [Broker id=0] Leader __consumer_offsets-31 with topic id Some(KWBKEtesQRCAmCvnwTuijw) starts at leader epoch 0 from offset 0 with partition epoch 0, high watermark 0, ISR [0], adding replicas [] and removing replicas []. Previous leader epoch was -1. (state.change.logger)
[2023-05-21 17:26:31,322] INFO [Broker id=0] Leader __consumer_offsets-46 with topic id Some(KWBKEtesQRCAmCvnwTuijw) starts at leader epoch 0 from offset 0 with partition epoch 0, high watermark 0, ISR [0], adding replicas [] and removing replicas []. Previous leader epoch was -1. (state.change.logger)
[2023-05-21 17:26:31,371] INFO [Broker id=0] Leader __consumer_offsets-1 with topic id Some(KWBKEtesQRCAmCvnwTuijw) starts at leader epoch 0 from offset 0 with partition epoch 0, high watermark 0, ISR [0], adding replicas [] and removing replicas []. Previous leader epoch was -1. (state.change.logger)
[2023-05-21 17:26:31,453] INFO [Broker id=0] Leader __consumer_offsets-16 with topic id Some(KWBKEtesQRCAmCvnwTuijw) starts at leader epoch 0 from offset 0 with partition epoch 0, high watermark 0, ISR [0], adding replicas [] and removing replicas []. Previous leader epoch was -1. (state.change.logger)
[2023-05-21 17:26:31,544] INFO [Broker id=0] Leader __consumer_offsets-2 with topic id Some(KWBKEtesQRCAmCvnwTuijw) starts at leader epoch 0 from offset 0 with partition epoch 0, high watermark 0, ISR [0], adding replicas [] and removing replicas []. Previous leader epoch was -1. (state.change.logger)
[2023-05-21 17:26:31,662] INFO [Broker id=0] Leader __consumer_offsets-25 with topic id Some(KWBKEtesQRCAmCvnwTuijw) starts at leader epoch 0 from offset 0 with partition epoch 0, high watermark 0, ISR [0], adding replicas [] and removing replicas []. Previous leader epoch was -1. (state.change.logger)
[2023-05-21 17:26:31,748] INFO [Broker id=0] Leader __consumer_offsets-40 with topic id Some(KWBKEtesQRCAmCvnwTuijw) starts at leader epoch 0 from offset 0 with partition epoch 0, high watermark 0, ISR [0], adding replicas [] and removing replicas []. Previous leader epoch was -1. (state.change.logger)
[2023-05-21 17:26:31,803] INFO [Broker id=0] Leader __consumer_offsets-47 with topic id Some(KWBKEtesQRCAmCvnwTuijw) starts at leader epoch 0 from offset 0 with partition epoch 0, high watermark 0, ISR [0], adding replicas [] and removing replicas []. Previous leader epoch was -1. (state.change.logger)
[2023-05-21 17:26:31,880] INFO [Broker id=0] Leader __consumer_offsets-17 with topic id Some(KWBKEtesQRCAmCvnwTuijw) starts at leader epoch 0 from offset 0 with partition epoch 0, high watermark 0, ISR [0], adding replicas [] and removing replicas []. Previous leader epoch was -1. (state.change.logger)
[2023-05-21 17:26:31,943] INFO [Broker id=0] Leader __consumer_offsets-32 with topic id Some(KWBKEtesQRCAmCvnwTuijw) starts at leader epoch 0 from offset 0 with partition epoch 0, high watermark 0, ISR [0], adding replicas [] and removing replicas []. Previous leader epoch was -1. (state.change.logger)
[2023-05-21 17:26:32,030] INFO [Broker id=0] Leader __consumer_offsets-37 with topic id Some(KWBKEtesQRCAmCvnwTuijw) starts at leader epoch 0 from offset 0 with partition epoch 0, high watermark 0, ISR [0], adding replicas [] and removing replicas []. Previous leader epoch was -1. (state.change.logger)
[2023-05-21 17:26:32,125] INFO [Broker id=0] Leader __consumer_offsets-7 with topic id Some(KWBKEtesQRCAmCvnwTuijw) starts at leader epoch 0 from offset 0 with partition epoch 0, high watermark 0, ISR [0], adding replicas [] and removing replicas []. Previous leader epoch was -1. (state.change.logger)
[2023-05-21 17:26:32,222] INFO [Broker id=0] Leader __consumer_offsets-22 with topic id Some(KWBKEtesQRCAmCvnwTuijw) starts at leader epoch 0 from offset 0 with partition epoch 0, high watermark 0, ISR [0], adding replicas [] and removing replicas []. Previous leader epoch was -1. (state.change.logger)
[2023-05-21 17:26:32,280] INFO [Broker id=0] Leader __consumer_offsets-29 with topic id Some(KWBKEtesQRCAmCvnwTuijw) starts at leader epoch 0 from offset 0 with partition epoch 0, high watermark 0, ISR [0], adding replicas [] and removing replicas []. Previous leader epoch was -1. (state.change.logger)
[2023-05-21 17:26:32,368] INFO [Broker id=0] Leader __consumer_offsets-44 with topic id Some(KWBKEtesQRCAmCvnwTuijw) starts at leader epoch 0 from offset 0 with partition epoch 0, high watermark 0, ISR [0], adding replicas [] and removing replicas []. Previous leader epoch was -1. (state.change.logger)
[2023-05-21 17:26:32,476] INFO [Broker id=0] Leader __consumer_offsets-14 with topic id Some(KWBKEtesQRCAmCvnwTuijw) starts at leader epoch 0 from offset 0 with partition epoch 0, high watermark 0, ISR [0], adding replicas [] and removing replicas []. Previous leader epoch was -1. (state.change.logger)
[2023-05-21 17:26:32,534] INFO [Broker id=0] Leader __consumer_offsets-23 with topic id Some(KWBKEtesQRCAmCvnwTuijw) starts at leader epoch 0 from offset 0 with partition epoch 0, high watermark 0, ISR [0], adding replicas [] and removing replicas []. Previous leader epoch was -1. (state.change.logger)
[2023-05-21 17:26:32,658] INFO [Broker id=0] Leader __consumer_offsets-38 with topic id Some(KWBKEtesQRCAmCvnwTuijw) starts at leader epoch 0 from offset 0 with partition epoch 0, high watermark 0, ISR [0], adding replicas [] and removing replicas []. Previous leader epoch was -1. (state.change.logger)
[2023-05-21 17:26:32,763] INFO [Broker id=0] Leader __consumer_offsets-8 with topic id Some(KWBKEtesQRCAmCvnwTuijw) starts at leader epoch 0 from offset 0 with partition epoch 0, high watermark 0, ISR [0], adding replicas [] and removing replicas []. Previous leader epoch was -1. (state.change.logger)
[2023-05-21 17:26:32,865] INFO [Broker id=0] Leader __consumer_offsets-45 with topic id Some(KWBKEtesQRCAmCvnwTuijw) starts at leader epoch 0 from offset 0 with partition epoch 0, high watermark 0, ISR [0], adding replicas [] and removing replicas []. Previous leader epoch was -1. (state.change.logger)
[2023-05-21 17:26:32,973] INFO [Broker id=0] Leader __consumer_offsets-15 with topic id Some(KWBKEtesQRCAmCvnwTuijw) starts at leader epoch 0 from offset 0 with partition epoch 0, high watermark 0, ISR [0], adding replicas [] and removing replicas []. Previous leader epoch was -1. (state.change.logger)
[2023-05-21 17:26:33,050] INFO [Broker id=0] Leader __consumer_offsets-30 with topic id Some(KWBKEtesQRCAmCvnwTuijw) starts at leader epoch 0 from offset 0 with partition epoch 0, high watermark 0, ISR [0], adding replicas [] and removing replicas []. Previous leader epoch was -1. (state.change.logger)
[2023-05-21 17:26:33,154] INFO [Broker id=0] Leader __consumer_offsets-0 with topic id Some(KWBKEtesQRCAmCvnwTuijw) starts at leader epoch 0 from offset 0 with partition epoch 0, high watermark 0, ISR [0], adding replicas [] and removing replicas []. Previous leader epoch was -1. (state.change.logger)
[2023-05-21 17:26:33,256] INFO [Broker id=0] Leader __consumer_offsets-35 with topic id Some(KWBKEtesQRCAmCvnwTuijw) starts at leader epoch 0 from offset 0 with partition epoch 0, high watermark 0, ISR [0], adding replicas [] and removing replicas []. Previous leader epoch was -1. (state.change.logger)
[2023-05-21 17:26:33,341] INFO [Broker id=0] Leader __consumer_offsets-5 with topic id Some(KWBKEtesQRCAmCvnwTuijw) starts at leader epoch 0 from offset 0 with partition epoch 0, high watermark 0, ISR [0], adding replicas [] and removing replicas []. Previous leader epoch was -1. (state.change.logger)
[2023-05-21 17:26:33,403] INFO [Broker id=0] Leader __consumer_offsets-20 with topic id Some(KWBKEtesQRCAmCvnwTuijw) starts at leader epoch 0 from offset 0 with partition epoch 0, high watermark 0, ISR [0], adding replicas [] and removing replicas []. Previous leader epoch was -1. (state.change.logger)
[2023-05-21 17:26:33,515] INFO [Broker id=0] Leader __consumer_offsets-27 with topic id Some(KWBKEtesQRCAmCvnwTuijw) starts at leader epoch 0 from offset 0 with partition epoch 0, high watermark 0, ISR [0], adding replicas [] and removing replicas []. Previous leader epoch was -1. (state.change.logger)
[2023-05-21 17:26:33,614] INFO [Broker id=0] Leader __consumer_offsets-42 with topic id Some(KWBKEtesQRCAmCvnwTuijw) starts at leader epoch 0 from offset 0 with partition epoch 0, high watermark 0, ISR [0], adding replicas [] and removing replicas []. Previous leader epoch was -1. (state.change.logger)
[2023-05-21 17:26:33,711] INFO [Broker id=0] Leader __consumer_offsets-12 with topic id Some(KWBKEtesQRCAmCvnwTuijw) starts at leader epoch 0 from offset 0 with partition epoch 0, high watermark 0, ISR [0], adding replicas [] and removing replicas []. Previous leader epoch was -1. (state.change.logger)
[2023-05-21 17:26:33,804] INFO [Broker id=0] Leader __consumer_offsets-21 with topic id Some(KWBKEtesQRCAmCvnwTuijw) starts at leader epoch 0 from offset 0 with partition epoch 0, high watermark 0, ISR [0], adding replicas [] and removing replicas []. Previous leader epoch was -1. (state.change.logger)
[2023-05-21 17:26:33,863] INFO [Broker id=0] Leader __consumer_offsets-36 with topic id Some(KWBKEtesQRCAmCvnwTuijw) starts at leader epoch 0 from offset 0 with partition epoch 0, high watermark 0, ISR [0], adding replicas [] and removing replicas []. Previous leader epoch was -1. (state.change.logger)
[2023-05-21 17:26:33,960] INFO [Broker id=0] Leader __consumer_offsets-6 with topic id Some(KWBKEtesQRCAmCvnwTuijw) starts at leader epoch 0 from offset 0 with partition epoch 0, high watermark 0, ISR [0], adding replicas [] and removing replicas []. Previous leader epoch was -1. (state.change.logger)
[2023-05-21 17:26:34,026] INFO [Broker id=0] Leader __consumer_offsets-43 with topic id Some(KWBKEtesQRCAmCvnwTuijw) starts at leader epoch 0 from offset 0 with partition epoch 0, high watermark 0, ISR [0], adding replicas [] and removing replicas []. Previous leader epoch was -1. (state.change.logger)
[2023-05-21 17:26:34,129] INFO [Broker id=0] Leader __consumer_offsets-13 with topic id Some(KWBKEtesQRCAmCvnwTuijw) starts at leader epoch 0 from offset 0 with partition epoch 0, high watermark 0, ISR [0], adding replicas [] and removing replicas []. Previous leader epoch was -1. (state.change.logger)
[2023-05-21 17:26:34,211] INFO [Broker id=0] Leader __consumer_offsets-28 with topic id Some(KWBKEtesQRCAmCvnwTuijw) starts at leader epoch 0 from offset 0 with partition epoch 0, high watermark 0, ISR [0], adding replicas [] and removing replicas []. Previous leader epoch was -1. (state.change.logger)
[2023-05-21 17:26:34,351] INFO [Broker id=0] Finished LeaderAndIsr request in 5012ms correlationId 3 from controller 0 for 50 partitions (state.change.logger)
[2023-05-21 17:26:34,364] INFO [Broker id=0] Add 50 partitions and deleted 0 partitions from metadata cache in response to UpdateMetadata request sent by controller 0 epoch 63 with correlation id 4 (state.change.logger)
